<?xml version="1.0" encoding="UTF-8"?>
<testsuite xmlns:xsi="http://www.w3.org/2001/XMLSchema-instance" xsi:noNamespaceSchemaLocation="https://maven.apache.org/surefire/maven-surefire-plugin/xsd/surefire-test-report.xsd" name="com.bk.junit.TagsTest" time="0.006" tests="3" errors="0" skipped="0" failures="0">
  <properties>
    <property name="gopherProxySet" value="false"/>
    <property name="awt.toolkit" value="sun.lwawt.macosx.LWCToolkit"/>
    <property name="java.specification.version" value="10"/>
    <property name="file.encoding.pkg" value="sun.io"/>
    <property name="sun.cpu.isalist" value=""/>
    <property name="sun.jnu.encoding" value="UTF-8"/>
    <property name="java.class.path" value="/Users/williamkorando/Documents/ReliableIntegrationTesting/junit-tag-surefire-problem/target/test-classes:/Users/williamkorando/Documents/ReliableIntegrationTesting/junit-tag-surefire-problem/target/classes:/Users/williamkorando/.m2/repository/org/junit/jupiter/junit-jupiter-api/5.3.0-M1/junit-jupiter-api-5.3.0-M1.jar:/Users/williamkorando/.m2/repository/org/apiguardian/apiguardian-api/1.0.0/apiguardian-api-1.0.0.jar:/Users/williamkorando/.m2/repository/org/opentest4j/opentest4j/1.1.0/opentest4j-1.1.0.jar:/Users/williamkorando/.m2/repository/org/junit/platform/junit-platform-commons/1.3.0-M1/junit-platform-commons-1.3.0-M1.jar:/Users/williamkorando/.m2/repository/org/junit/jupiter/junit-jupiter-engine/5.3.0-M1/junit-jupiter-engine-5.3.0-M1.jar:/Users/williamkorando/.m2/repository/org/junit/platform/junit-platform-engine/1.3.0-M1/junit-platform-engine-1.3.0-M1.jar:/Users/williamkorando/.m2/repository/org/junit/platform/junit-platform-launcher/1.3.0-M1/junit-platform-launcher-1.3.0-M1.jar:"/>
    <property name="java.vm.vendor" value="&quot;Oracle Corporation&quot;"/>
    <property name="sun.arch.data.model" value="64"/>
    <property name="java.vendor.url" value="http://java.oracle.com/"/>
    <property name="user.timezone" value=""/>
    <property name="java.vm.specification.version" value="10"/>
    <property name="os.name" value="Mac OS X"/>
    <property name="sun.java.launcher" value="SUN_STANDARD"/>
    <property name="user.country" value="US"/>
    <property name="sun.boot.library.path" value="/Users/williamkorando/.sdkman/candidates/java/10.0.1-oracle/lib"/>
    <property name="sun.java.command" value="/Users/williamkorando/Documents/ReliableIntegrationTesting/junit-tag-surefire-problem/target/surefire/surefirebooter17605727869522831199.jar /Users/williamkorando/Documents/ReliableIntegrationTesting/junit-tag-surefire-problem/target/surefire 2018-07-10T17-22-35_521-jvmRun1 surefire1536830997257759628tmp surefire_012594099183524105085tmp"/>
    <property name="http.nonProxyHosts" value="local|*.local|169.254/16|*.169.254/16"/>
    <property name="jdk.debug" value="release"/>
    <property name="surefire.test.class.path" value="/Users/williamkorando/Documents/ReliableIntegrationTesting/junit-tag-surefire-problem/target/test-classes:/Users/williamkorando/Documents/ReliableIntegrationTesting/junit-tag-surefire-problem/target/classes:/Users/williamkorando/.m2/repository/org/junit/jupiter/junit-jupiter-api/5.3.0-M1/junit-jupiter-api-5.3.0-M1.jar:/Users/williamkorando/.m2/repository/org/apiguardian/apiguardian-api/1.0.0/apiguardian-api-1.0.0.jar:/Users/williamkorando/.m2/repository/org/opentest4j/opentest4j/1.1.0/opentest4j-1.1.0.jar:/Users/williamkorando/.m2/repository/org/junit/platform/junit-platform-commons/1.3.0-M1/junit-platform-commons-1.3.0-M1.jar:/Users/williamkorando/.m2/repository/org/junit/jupiter/junit-jupiter-engine/5.3.0-M1/junit-jupiter-engine-5.3.0-M1.jar:/Users/williamkorando/.m2/repository/org/junit/platform/junit-platform-engine/1.3.0-M1/junit-platform-engine-1.3.0-M1.jar:/Users/williamkorando/.m2/repository/org/junit/platform/junit-platform-launcher/1.3.0-M1/junit-platform-launcher-1.3.0-M1.jar:"/>
    <property name="sun.cpu.endian" value="little"/>
    <property name="user.home" value="/Users/williamkorando"/>
    <property name="user.language" value="en"/>
    <property name="java.specification.vendor" value="Oracle Corporation"/>
    <property name="java.version.date" value="2018-04-17"/>
    <property name="java.home" value="/Users/williamkorando/.sdkman/candidates/java/10.0.1-oracle"/>
    <property name="file.separator" value="/"/>
    <property name="basedir" value="/Users/williamkorando/Documents/ReliableIntegrationTesting/junit-tag-surefire-problem"/>
    <property name="java.vm.compressedOopsMode" value="Zero based"/>
    <property name="line.separator" value="&#10;"/>
    <property name="java.specification.name" value="Java Platform API Specification"/>
    <property name="java.vm.specification.vendor" value="Oracle Corporation"/>
    <property name="java.awt.graphicsenv" value="sun.awt.CGraphicsEnvironment"/>
    <property name="surefire.real.class.path" value="/Users/williamkorando/Documents/ReliableIntegrationTesting/junit-tag-surefire-problem/target/surefire/surefirebooter17605727869522831199.jar"/>
    <property name="sun.management.compiler" value="HotSpot 64-Bit Tiered Compilers"/>
    <property name="ftp.nonProxyHosts" value="local|*.local|169.254/16|*.169.254/16"/>
    <property name="java.runtime.version" value="10.0.1+10"/>
    <property name="user.name" value="williamkorando"/>
    <property name="path.separator" value=":"/>
    <property name="os.version" value="10.13.5"/>
    <property name="java.runtime.name" value="Java(TM) SE Runtime Environment"/>
    <property name="file.encoding" value="UTF-8"/>
    <property name="java.vm.name" value="Java HotSpot(TM) 64-Bit Server VM"/>
    <property name="java.vendor.version" value="18.3"/>
    <property name="localRepository" value="/Users/williamkorando/.m2/repository"/>
    <property name="java.vendor.url.bug" value="http://bugreport.java.com/bugreport/"/>
    <property name="java.io.tmpdir" value="/var/folders/c1/bsm5c1496v30qs3zlhx2gml00000gn/T/"/>
    <property name="java.version" value="10.0.1"/>
    <property name="user.dir" value="/Users/williamkorando/Documents/ReliableIntegrationTesting/junit-tag-surefire-problem"/>
    <property name="os.arch" value="x86_64"/>
    <property name="java.vm.specification.name" value="Java Virtual Machine Specification"/>
    <property name="java.awt.printerjob" value="sun.lwawt.macosx.CPrinterJob"/>
    <property name="sun.os.patch.level" value="unknown"/>
    <property name="java.library.path" value="/Users/williamkorando/Library/Java/Extensions:/Library/Java/Extensions:/Network/Library/Java/Extensions:/System/Library/Java/Extensions:/usr/lib/java:."/>
    <property name="java.vendor" value="Oracle Corporation"/>
    <property name="java.vm.info" value="mixed mode"/>
    <property name="java.vm.version" value="10.0.1+10"/>
    <property name="sun.io.unicode.encoding" value="UnicodeBig"/>
    <property name="java.class.version" value="54.0"/>
    <property name="socksNonProxyHosts" value="local|*.local|169.254/16|*.169.254/16"/>
  </properties>
  <testcase name="noTagTest" classname="com.bk.junit.TagsTest" time="0.001"/>
  <testcase name="excludeTagTest" classname="com.bk.junit.TagsTest" time="0"/>
  <testcase name="includeTagTest" classname="com.bk.junit.TagsTest" time="0"/>
</testsuite>